<?xml version="1.0" encoding="UTF-8"?>
<testsuite xmlns:xsi="http://www.w3.org/2001/XMLSchema-instance" xsi:noNamespaceSchemaLocation="https://maven.apache.org/surefire/maven-surefire-plugin/xsd/surefire-test-report.xsd" name="pt.unl.fct.miei.microservicesmanagement.manager.local.ManagerLocalTests" time="2.218" tests="2" errors="0" skipped="0" failures="0">
  <properties>
    <property name="sun.desktop" value="gnome"/>
    <property name="awt.toolkit" value="sun.awt.X11.XToolkit"/>
    <property name="java.specification.version" value="11"/>
    <property name="sun.cpu.isalist" value=""/>
    <property name="sun.jnu.encoding" value="UTF-8"/>
    <property name="java.class.path" value="/home/daniel/master-thesis/usmanager/manager/manager-local/target/test-classes:/home/daniel/master-thesis/usmanager/manager/manager-local/target/classes:/home/daniel/.m2/repository/org/springframework/boot/spring-boot-configuration-processor/2.3.1.RELEASE/spring-boot-configuration-processor-2.3.1.RELEASE.jar:/home/daniel/.m2/repository/org/springframework/boot/spring-boot-starter-data-mongodb/2.3.1.RELEASE/spring-boot-starter-data-mongodb-2.3.1.RELEASE.jar:/home/daniel/.m2/repository/org/springframework/boot/spring-boot-starter/2.3.1.RELEASE/spring-boot-starter-2.3.1.RELEASE.jar:/home/daniel/.m2/repository/org/springframework/boot/spring-boot/2.3.1.RELEASE/spring-boot-2.3.1.RELEASE.jar:/home/daniel/.m2/repository/org/springframework/boot/spring-boot-autoconfigure/2.3.1.RELEASE/spring-boot-autoconfigure-2.3.1.RELEASE.jar:/home/daniel/.m2/repository/org/springframework/boot/spring-boot-starter-logging/2.3.1.RELEASE/spring-boot-starter-logging-2.3.1.RELEASE.jar:/home/daniel/.m2/repository/ch/qos/logback/logback-classic/1.2.3/logback-classic-1.2.3.jar:/home/daniel/.m2/repository/ch/qos/logback/logback-core/1.2.3/logback-core-1.2.3.jar:/home/daniel/.m2/repository/org/apache/logging/log4j/log4j-to-slf4j/2.13.3/log4j-to-slf4j-2.13.3.jar:/home/daniel/.m2/repository/org/apache/logging/log4j/log4j-api/2.13.3/log4j-api-2.13.3.jar:/home/daniel/.m2/repository/org/slf4j/jul-to-slf4j/1.7.30/jul-to-slf4j-1.7.30.jar:/home/daniel/.m2/repository/jakarta/annotation/jakarta.annotation-api/1.3.5/jakarta.annotation-api-1.3.5.jar:/home/daniel/.m2/repository/org/yaml/snakeyaml/1.26/snakeyaml-1.26.jar:/home/daniel/.m2/repository/org/mongodb/mongodb-driver-sync/4.0.4/mongodb-driver-sync-4.0.4.jar:/home/daniel/.m2/repository/org/mongodb/bson/4.0.4/bson-4.0.4.jar:/home/daniel/.m2/repository/org/mongodb/mongodb-driver-core/4.0.4/mongodb-driver-core-4.0.4.jar:/home/daniel/.m2/repository/org/springframework/data/spring-data-mongodb/3.0.1.RELEASE/spring-data-mongodb-3.0.1.RELEASE.jar:/home/daniel/.m2/repository/org/springframework/spring-tx/5.2.7.RELEASE/spring-tx-5.2.7.RELEASE.jar:/home/daniel/.m2/repository/org/springframework/spring-context/5.2.7.RELEASE/spring-context-5.2.7.RELEASE.jar:/home/daniel/.m2/repository/org/springframework/spring-aop/5.2.7.RELEASE/spring-aop-5.2.7.RELEASE.jar:/home/daniel/.m2/repository/org/springframework/spring-beans/5.2.7.RELEASE/spring-beans-5.2.7.RELEASE.jar:/home/daniel/.m2/repository/org/springframework/spring-expression/5.2.7.RELEASE/spring-expression-5.2.7.RELEASE.jar:/home/daniel/.m2/repository/org/springframework/data/spring-data-commons/2.3.1.RELEASE/spring-data-commons-2.3.1.RELEASE.jar:/home/daniel/.m2/repository/org/springframework/boot/spring-boot-starter-test/2.3.1.RELEASE/spring-boot-starter-test-2.3.1.RELEASE.jar:/home/daniel/.m2/repository/org/springframework/boot/spring-boot-test/2.3.1.RELEASE/spring-boot-test-2.3.1.RELEASE.jar:/home/daniel/.m2/repository/org/springframework/boot/spring-boot-test-autoconfigure/2.3.1.RELEASE/spring-boot-test-autoconfigure-2.3.1.RELEASE.jar:/home/daniel/.m2/repository/com/jayway/jsonpath/json-path/2.4.0/json-path-2.4.0.jar:/home/daniel/.m2/repository/net/minidev/json-smart/2.3/json-smart-2.3.jar:/home/daniel/.m2/repository/net/minidev/accessors-smart/1.2/accessors-smart-1.2.jar:/home/daniel/.m2/repository/jakarta/xml/bind/jakarta.xml.bind-api/2.3.3/jakarta.xml.bind-api-2.3.3.jar:/home/daniel/.m2/repository/jakarta/activation/jakarta.activation-api/1.2.2/jakarta.activation-api-1.2.2.jar:/home/daniel/.m2/repository/org/assertj/assertj-core/3.16.1/assertj-core-3.16.1.jar:/home/daniel/.m2/repository/org/hamcrest/hamcrest/2.2/hamcrest-2.2.jar:/home/daniel/.m2/repository/org/junit/jupiter/junit-jupiter/5.6.2/junit-jupiter-5.6.2.jar:/home/daniel/.m2/repository/org/junit/jupiter/junit-jupiter-api/5.6.2/junit-jupiter-api-5.6.2.jar:/home/daniel/.m2/repository/org/apiguardian/apiguardian-api/1.1.0/apiguardian-api-1.1.0.jar:/home/daniel/.m2/repository/org/opentest4j/opentest4j/1.2.0/opentest4j-1.2.0.jar:/home/daniel/.m2/repository/org/junit/platform/junit-platform-commons/1.6.2/junit-platform-commons-1.6.2.jar:/home/daniel/.m2/repository/org/junit/jupiter/junit-jupiter-params/5.6.2/junit-jupiter-params-5.6.2.jar:/home/daniel/.m2/repository/org/junit/jupiter/junit-jupiter-engine/5.6.2/junit-jupiter-engine-5.6.2.jar:/home/daniel/.m2/repository/org/junit/platform/junit-platform-engine/1.6.2/junit-platform-engine-1.6.2.jar:/home/daniel/.m2/repository/org/mockito/mockito-core/3.3.3/mockito-core-3.3.3.jar:/home/daniel/.m2/repository/net/bytebuddy/byte-buddy/1.10.11/byte-buddy-1.10.11.jar:/home/daniel/.m2/repository/net/bytebuddy/byte-buddy-agent/1.10.11/byte-buddy-agent-1.10.11.jar:/home/daniel/.m2/repository/org/objenesis/objenesis/2.6/objenesis-2.6.jar:/home/daniel/.m2/repository/org/mockito/mockito-junit-jupiter/3.3.3/mockito-junit-jupiter-3.3.3.jar:/home/daniel/.m2/repository/org/skyscreamer/jsonassert/1.5.0/jsonassert-1.5.0.jar:/home/daniel/.m2/repository/com/vaadin/external/google/android-json/0.0.20131108.vaadin1/android-json-0.0.20131108.vaadin1.jar:/home/daniel/.m2/repository/org/springframework/spring-core/5.2.7.RELEASE/spring-core-5.2.7.RELEASE.jar:/home/daniel/.m2/repository/org/springframework/spring-jcl/5.2.7.RELEASE/spring-jcl-5.2.7.RELEASE.jar:/home/daniel/.m2/repository/org/springframework/spring-test/5.2.7.RELEASE/spring-test-5.2.7.RELEASE.jar:/home/daniel/.m2/repository/org/xmlunit/xmlunit-core/2.7.0/xmlunit-core-2.7.0.jar:/home/daniel/.m2/repository/com/hierynomus/sshj/0.29.0/sshj-0.29.0.jar:/home/daniel/.m2/repository/org/slf4j/slf4j-api/1.7.30/slf4j-api-1.7.30.jar:/home/daniel/.m2/repository/org/bouncycastle/bcprov-jdk15on/1.65/bcprov-jdk15on-1.65.jar:/home/daniel/.m2/repository/org/bouncycastle/bcpkix-jdk15on/1.65/bcpkix-jdk15on-1.65.jar:/home/daniel/.m2/repository/com/jcraft/jzlib/1.1.3/jzlib-1.1.3.jar:/home/daniel/.m2/repository/net/i2p/crypto/eddsa/0.3.0/eddsa-0.3.0.jar:/home/daniel/.m2/repository/com/spotify/docker-client/8.16.0/docker-client-8.16.0.jar:/home/daniel/.m2/repository/com/google/guava/guava/20.0/guava-20.0.jar:/home/daniel/.m2/repository/com/fasterxml/jackson/jaxrs/jackson-jaxrs-json-provider/2.11.0/jackson-jaxrs-json-provider-2.11.0.jar:/home/daniel/.m2/repository/com/fasterxml/jackson/jaxrs/jackson-jaxrs-base/2.11.0/jackson-jaxrs-base-2.11.0.jar:/home/daniel/.m2/repository/com/fasterxml/jackson/module/jackson-module-jaxb-annotations/2.11.0/jackson-module-jaxb-annotations-2.11.0.jar:/home/daniel/.m2/repository/com/fasterxml/jackson/datatype/jackson-datatype-guava/2.11.0/jackson-datatype-guava-2.11.0.jar:/home/daniel/.m2/repository/com/fasterxml/jackson/core/jackson-core/2.11.0/jackson-core-2.11.0.jar:/home/daniel/.m2/repository/com/fasterxml/jackson/core/jackson-databind/2.11.0/jackson-databind-2.11.0.jar:/home/daniel/.m2/repository/com/fasterxml/jackson/core/jackson-annotations/2.11.0/jackson-annotations-2.11.0.jar:/home/daniel/.m2/repository/org/glassfish/jersey/core/jersey-client/2.30.1/jersey-client-2.30.1.jar:/home/daniel/.m2/repository/jakarta/ws/rs/jakarta.ws.rs-api/2.1.6/jakarta.ws.rs-api-2.1.6.jar:/home/daniel/.m2/repository/org/glassfish/jersey/core/jersey-common/2.30.1/jersey-common-2.30.1.jar:/home/daniel/.m2/repository/org/glassfish/hk2/osgi-resource-locator/1.0.3/osgi-resource-locator-1.0.3.jar:/home/daniel/.m2/repository/com/sun/activation/jakarta.activation/1.2.2/jakarta.activation-1.2.2.jar:/home/daniel/.m2/repository/org/glassfish/hk2/external/jakarta.inject/2.6.1/jakarta.inject-2.6.1.jar:/home/daniel/.m2/repository/org/glassfish/jersey/connectors/jersey-apache-connector/2.30.1/jersey-apache-connector-2.30.1.jar:/home/daniel/.m2/repository/org/glassfish/jersey/media/jersey-media-json-jackson/2.30.1/jersey-media-json-jackson-2.30.1.jar:/home/daniel/.m2/repository/org/glassfish/jersey/ext/jersey-entity-filtering/2.30.1/jersey-entity-filtering-2.30.1.jar:/home/daniel/.m2/repository/javax/activation/activation/1.1/activation-1.1.jar:/home/daniel/.m2/repository/org/apache/commons/commons-compress/1.18/commons-compress-1.18.jar:/home/daniel/.m2/repository/commons-io/commons-io/2.5/commons-io-2.5.jar:/home/daniel/.m2/repository/org/apache/httpcomponents/httpclient/4.5.12/httpclient-4.5.12.jar:/home/daniel/.m2/repository/commons-codec/commons-codec/1.14/commons-codec-1.14.jar:/home/daniel/.m2/repository/org/apache/httpcomponents/httpcore/4.4.13/httpcore-4.4.13.jar:/home/daniel/.m2/repository/com/github/jnr/jnr-unixsocket/0.18/jnr-unixsocket-0.18.jar:/home/daniel/.m2/repository/com/github/jnr/jnr-ffi/2.1.4/jnr-ffi-2.1.4.jar:/home/daniel/.m2/repository/com/github/jnr/jffi/1.2.15/jffi-1.2.15.jar:/home/daniel/.m2/repository/com/github/jnr/jffi/1.2.15/jffi-1.2.15-native.jar:/home/daniel/.m2/repository/org/ow2/asm/asm/5.0.3/asm-5.0.3.jar:/home/daniel/.m2/repository/org/ow2/asm/asm-commons/5.0.3/asm-commons-5.0.3.jar:/home/daniel/.m2/repository/org/ow2/asm/asm-analysis/5.0.3/asm-analysis-5.0.3.jar:/home/daniel/.m2/repository/org/ow2/asm/asm-tree/5.0.3/asm-tree-5.0.3.jar:/home/daniel/.m2/repository/org/ow2/asm/asm-util/5.0.3/asm-util-5.0.3.jar:/home/daniel/.m2/repository/com/github/jnr/jnr-x86asm/1.0.2/jnr-x86asm-1.0.2.jar:/home/daniel/.m2/repository/com/github/jnr/jnr-constants/0.9.8/jnr-constants-0.9.8.jar:/home/daniel/.m2/repository/com/github/jnr/jnr-enxio/0.16/jnr-enxio-0.16.jar:/home/daniel/.m2/repository/com/github/jnr/jnr-posix/3.0.35/jnr-posix-3.0.35.jar:/home/daniel/.m2/repository/commons-lang/commons-lang/2.6/commons-lang-2.6.jar:/home/daniel/.m2/repository/org/drools/drools-templates/7.40.0.Final/drools-templates-7.40.0.Final.jar:/home/daniel/.m2/repository/org/drools/drools-core/7.40.0.Final/drools-core-7.40.0.Final.jar:/home/daniel/.m2/repository/org/kie/soup/kie-soup-xstream/7.40.0.Final/kie-soup-xstream-7.40.0.Final.jar:/home/daniel/.m2/repository/org/drools/drools-core-reflective/7.40.0.Final/drools-core-reflective-7.40.0.Final.jar:/home/daniel/.m2/repository/org/drools/drools-core-dynamic/7.40.0.Final/drools-core-dynamic-7.40.0.Final.jar:/home/daniel/.m2/repository/org/kie/soup/kie-soup-project-datamodel-commons/7.40.0.Final/kie-soup-project-datamodel-commons-7.40.0.Final.jar:/home/daniel/.m2/repository/org/kie/soup/kie-soup-project-datamodel-api/7.40.0.Final/kie-soup-project-datamodel-api-7.40.0.Final.jar:/home/daniel/.m2/repository/org/drools/drools-compiler/7.40.0.Final/drools-compiler-7.40.0.Final.jar:/home/daniel/.m2/repository/org/kie/soup/kie-soup-maven-support/7.40.0.Final/kie-soup-maven-support-7.40.0.Final.jar:/home/daniel/.m2/repository/org/kie/soup/kie-soup-commons/7.40.0.Final/kie-soup-commons-7.40.0.Final.jar:/home/daniel/.m2/repository/org/antlr/antlr-runtime/3.5.2/antlr-runtime-3.5.2.jar:/home/daniel/.m2/repository/com/thoughtworks/xstream/xstream/1.4.11.1/xstream-1.4.11.1.jar:/home/daniel/.m2/repository/xmlpull/xmlpull/1.1.3.1/xmlpull-1.1.3.1.jar:/home/daniel/.m2/repository/xpp3/xpp3_min/1.1.4c/xpp3_min-1.1.4c.jar:/home/daniel/.m2/repository/com/google/protobuf/protobuf-java/3.6.1/protobuf-java-3.6.1.jar:/home/daniel/.m2/repository/org/kie/kie-api/7.40.0.Final/kie-api-7.40.0.Final.jar:/home/daniel/.m2/repository/org/kie/kie-internal/7.40.0.Final/kie-internal-7.40.0.Final.jar:/home/daniel/.m2/repository/org/mvel/mvel2/2.4.8.Final/mvel2-2.4.8.Final.jar:/home/daniel/.m2/repository/org/projectlombok/lombok/1.18.12/lombok-1.18.12.jar:/home/daniel/.m2/repository/org/apache/kafka/kafka-clients/2.5.0/kafka-clients-2.5.0.jar:/home/daniel/.m2/repository/com/github/luben/zstd-jni/1.4.4-7/zstd-jni-1.4.4-7.jar:/home/daniel/.m2/repository/org/lz4/lz4-java/1.7.1/lz4-java-1.7.1.jar:/home/daniel/.m2/repository/org/xerial/snappy/snappy-java/1.1.7.3/snappy-java-1.1.7.3.jar:"/>
    <property name="java.vm.vendor" value="Ubuntu"/>
    <property name="sun.arch.data.model" value="64"/>
    <property name="java.vendor.url" value="https://ubuntu.com/"/>
    <property name="user.timezone" value=""/>
    <property name="java.vm.specification.version" value="11"/>
    <property name="os.name" value="Linux"/>
    <property name="sun.java.launcher" value="SUN_STANDARD"/>
    <property name="user.country" value="PT"/>
    <property name="sun.boot.library.path" value="/usr/lib/jvm/java-11-openjdk-amd64/lib"/>
    <property name="sun.java.command" value="/home/daniel/master-thesis/usmanager/manager/manager-local/target/surefire/surefirebooter14969590817132231720.jar /home/daniel/master-thesis/usmanager/manager/manager-local/target/surefire 2020-07-25T22-09-13_894-jvmRun1 surefire2961292003334795925tmp surefire_09777573235651808570tmp"/>
    <property name="jdk.debug" value="release"/>
    <property name="surefire.test.class.path" value="/home/daniel/master-thesis/usmanager/manager/manager-local/target/test-classes:/home/daniel/master-thesis/usmanager/manager/manager-local/target/classes:/home/daniel/.m2/repository/org/springframework/boot/spring-boot-configuration-processor/2.3.1.RELEASE/spring-boot-configuration-processor-2.3.1.RELEASE.jar:/home/daniel/.m2/repository/org/springframework/boot/spring-boot-starter-data-mongodb/2.3.1.RELEASE/spring-boot-starter-data-mongodb-2.3.1.RELEASE.jar:/home/daniel/.m2/repository/org/springframework/boot/spring-boot-starter/2.3.1.RELEASE/spring-boot-starter-2.3.1.RELEASE.jar:/home/daniel/.m2/repository/org/springframework/boot/spring-boot/2.3.1.RELEASE/spring-boot-2.3.1.RELEASE.jar:/home/daniel/.m2/repository/org/springframework/boot/spring-boot-autoconfigure/2.3.1.RELEASE/spring-boot-autoconfigure-2.3.1.RELEASE.jar:/home/daniel/.m2/repository/org/springframework/boot/spring-boot-starter-logging/2.3.1.RELEASE/spring-boot-starter-logging-2.3.1.RELEASE.jar:/home/daniel/.m2/repository/ch/qos/logback/logback-classic/1.2.3/logback-classic-1.2.3.jar:/home/daniel/.m2/repository/ch/qos/logback/logback-core/1.2.3/logback-core-1.2.3.jar:/home/daniel/.m2/repository/org/apache/logging/log4j/log4j-to-slf4j/2.13.3/log4j-to-slf4j-2.13.3.jar:/home/daniel/.m2/repository/org/apache/logging/log4j/log4j-api/2.13.3/log4j-api-2.13.3.jar:/home/daniel/.m2/repository/org/slf4j/jul-to-slf4j/1.7.30/jul-to-slf4j-1.7.30.jar:/home/daniel/.m2/repository/jakarta/annotation/jakarta.annotation-api/1.3.5/jakarta.annotation-api-1.3.5.jar:/home/daniel/.m2/repository/org/yaml/snakeyaml/1.26/snakeyaml-1.26.jar:/home/daniel/.m2/repository/org/mongodb/mongodb-driver-sync/4.0.4/mongodb-driver-sync-4.0.4.jar:/home/daniel/.m2/repository/org/mongodb/bson/4.0.4/bson-4.0.4.jar:/home/daniel/.m2/repository/org/mongodb/mongodb-driver-core/4.0.4/mongodb-driver-core-4.0.4.jar:/home/daniel/.m2/repository/org/springframework/data/spring-data-mongodb/3.0.1.RELEASE/spring-data-mongodb-3.0.1.RELEASE.jar:/home/daniel/.m2/repository/org/springframework/spring-tx/5.2.7.RELEASE/spring-tx-5.2.7.RELEASE.jar:/home/daniel/.m2/repository/org/springframework/spring-context/5.2.7.RELEASE/spring-context-5.2.7.RELEASE.jar:/home/daniel/.m2/repository/org/springframework/spring-aop/5.2.7.RELEASE/spring-aop-5.2.7.RELEASE.jar:/home/daniel/.m2/repository/org/springframework/spring-beans/5.2.7.RELEASE/spring-beans-5.2.7.RELEASE.jar:/home/daniel/.m2/repository/org/springframework/spring-expression/5.2.7.RELEASE/spring-expression-5.2.7.RELEASE.jar:/home/daniel/.m2/repository/org/springframework/data/spring-data-commons/2.3.1.RELEASE/spring-data-commons-2.3.1.RELEASE.jar:/home/daniel/.m2/repository/org/springframework/boot/spring-boot-starter-test/2.3.1.RELEASE/spring-boot-starter-test-2.3.1.RELEASE.jar:/home/daniel/.m2/repository/org/springframework/boot/spring-boot-test/2.3.1.RELEASE/spring-boot-test-2.3.1.RELEASE.jar:/home/daniel/.m2/repository/org/springframework/boot/spring-boot-test-autoconfigure/2.3.1.RELEASE/spring-boot-test-autoconfigure-2.3.1.RELEASE.jar:/home/daniel/.m2/repository/com/jayway/jsonpath/json-path/2.4.0/json-path-2.4.0.jar:/home/daniel/.m2/repository/net/minidev/json-smart/2.3/json-smart-2.3.jar:/home/daniel/.m2/repository/net/minidev/accessors-smart/1.2/accessors-smart-1.2.jar:/home/daniel/.m2/repository/jakarta/xml/bind/jakarta.xml.bind-api/2.3.3/jakarta.xml.bind-api-2.3.3.jar:/home/daniel/.m2/repository/jakarta/activation/jakarta.activation-api/1.2.2/jakarta.activation-api-1.2.2.jar:/home/daniel/.m2/repository/org/assertj/assertj-core/3.16.1/assertj-core-3.16.1.jar:/home/daniel/.m2/repository/org/hamcrest/hamcrest/2.2/hamcrest-2.2.jar:/home/daniel/.m2/repository/org/junit/jupiter/junit-jupiter/5.6.2/junit-jupiter-5.6.2.jar:/home/daniel/.m2/repository/org/junit/jupiter/junit-jupiter-api/5.6.2/junit-jupiter-api-5.6.2.jar:/home/daniel/.m2/repository/org/apiguardian/apiguardian-api/1.1.0/apiguardian-api-1.1.0.jar:/home/daniel/.m2/repository/org/opentest4j/opentest4j/1.2.0/opentest4j-1.2.0.jar:/home/daniel/.m2/repository/org/junit/platform/junit-platform-commons/1.6.2/junit-platform-commons-1.6.2.jar:/home/daniel/.m2/repository/org/junit/jupiter/junit-jupiter-params/5.6.2/junit-jupiter-params-5.6.2.jar:/home/daniel/.m2/repository/org/junit/jupiter/junit-jupiter-engine/5.6.2/junit-jupiter-engine-5.6.2.jar:/home/daniel/.m2/repository/org/junit/platform/junit-platform-engine/1.6.2/junit-platform-engine-1.6.2.jar:/home/daniel/.m2/repository/org/mockito/mockito-core/3.3.3/mockito-core-3.3.3.jar:/home/daniel/.m2/repository/net/bytebuddy/byte-buddy/1.10.11/byte-buddy-1.10.11.jar:/home/daniel/.m2/repository/net/bytebuddy/byte-buddy-agent/1.10.11/byte-buddy-agent-1.10.11.jar:/home/daniel/.m2/repository/org/objenesis/objenesis/2.6/objenesis-2.6.jar:/home/daniel/.m2/repository/org/mockito/mockito-junit-jupiter/3.3.3/mockito-junit-jupiter-3.3.3.jar:/home/daniel/.m2/repository/org/skyscreamer/jsonassert/1.5.0/jsonassert-1.5.0.jar:/home/daniel/.m2/repository/com/vaadin/external/google/android-json/0.0.20131108.vaadin1/android-json-0.0.20131108.vaadin1.jar:/home/daniel/.m2/repository/org/springframework/spring-core/5.2.7.RELEASE/spring-core-5.2.7.RELEASE.jar:/home/daniel/.m2/repository/org/springframework/spring-jcl/5.2.7.RELEASE/spring-jcl-5.2.7.RELEASE.jar:/home/daniel/.m2/repository/org/springframework/spring-test/5.2.7.RELEASE/spring-test-5.2.7.RELEASE.jar:/home/daniel/.m2/repository/org/xmlunit/xmlunit-core/2.7.0/xmlunit-core-2.7.0.jar:/home/daniel/.m2/repository/com/hierynomus/sshj/0.29.0/sshj-0.29.0.jar:/home/daniel/.m2/repository/org/slf4j/slf4j-api/1.7.30/slf4j-api-1.7.30.jar:/home/daniel/.m2/repository/org/bouncycastle/bcprov-jdk15on/1.65/bcprov-jdk15on-1.65.jar:/home/daniel/.m2/repository/org/bouncycastle/bcpkix-jdk15on/1.65/bcpkix-jdk15on-1.65.jar:/home/daniel/.m2/repository/com/jcraft/jzlib/1.1.3/jzlib-1.1.3.jar:/home/daniel/.m2/repository/net/i2p/crypto/eddsa/0.3.0/eddsa-0.3.0.jar:/home/daniel/.m2/repository/com/spotify/docker-client/8.16.0/docker-client-8.16.0.jar:/home/daniel/.m2/repository/com/google/guava/guava/20.0/guava-20.0.jar:/home/daniel/.m2/repository/com/fasterxml/jackson/jaxrs/jackson-jaxrs-json-provider/2.11.0/jackson-jaxrs-json-provider-2.11.0.jar:/home/daniel/.m2/repository/com/fasterxml/jackson/jaxrs/jackson-jaxrs-base/2.11.0/jackson-jaxrs-base-2.11.0.jar:/home/daniel/.m2/repository/com/fasterxml/jackson/module/jackson-module-jaxb-annotations/2.11.0/jackson-module-jaxb-annotations-2.11.0.jar:/home/daniel/.m2/repository/com/fasterxml/jackson/datatype/jackson-datatype-guava/2.11.0/jackson-datatype-guava-2.11.0.jar:/home/daniel/.m2/repository/com/fasterxml/jackson/core/jackson-core/2.11.0/jackson-core-2.11.0.jar:/home/daniel/.m2/repository/com/fasterxml/jackson/core/jackson-databind/2.11.0/jackson-databind-2.11.0.jar:/home/daniel/.m2/repository/com/fasterxml/jackson/core/jackson-annotations/2.11.0/jackson-annotations-2.11.0.jar:/home/daniel/.m2/repository/org/glassfish/jersey/core/jersey-client/2.30.1/jersey-client-2.30.1.jar:/home/daniel/.m2/repository/jakarta/ws/rs/jakarta.ws.rs-api/2.1.6/jakarta.ws.rs-api-2.1.6.jar:/home/daniel/.m2/repository/org/glassfish/jersey/core/jersey-common/2.30.1/jersey-common-2.30.1.jar:/home/daniel/.m2/repository/org/glassfish/hk2/osgi-resource-locator/1.0.3/osgi-resource-locator-1.0.3.jar:/home/daniel/.m2/repository/com/sun/activation/jakarta.activation/1.2.2/jakarta.activation-1.2.2.jar:/home/daniel/.m2/repository/org/glassfish/hk2/external/jakarta.inject/2.6.1/jakarta.inject-2.6.1.jar:/home/daniel/.m2/repository/org/glassfish/jersey/connectors/jersey-apache-connector/2.30.1/jersey-apache-connector-2.30.1.jar:/home/daniel/.m2/repository/org/glassfish/jersey/media/jersey-media-json-jackson/2.30.1/jersey-media-json-jackson-2.30.1.jar:/home/daniel/.m2/repository/org/glassfish/jersey/ext/jersey-entity-filtering/2.30.1/jersey-entity-filtering-2.30.1.jar:/home/daniel/.m2/repository/javax/activation/activation/1.1/activation-1.1.jar:/home/daniel/.m2/repository/org/apache/commons/commons-compress/1.18/commons-compress-1.18.jar:/home/daniel/.m2/repository/commons-io/commons-io/2.5/commons-io-2.5.jar:/home/daniel/.m2/repository/org/apache/httpcomponents/httpclient/4.5.12/httpclient-4.5.12.jar:/home/daniel/.m2/repository/commons-codec/commons-codec/1.14/commons-codec-1.14.jar:/home/daniel/.m2/repository/org/apache/httpcomponents/httpcore/4.4.13/httpcore-4.4.13.jar:/home/daniel/.m2/repository/com/github/jnr/jnr-unixsocket/0.18/jnr-unixsocket-0.18.jar:/home/daniel/.m2/repository/com/github/jnr/jnr-ffi/2.1.4/jnr-ffi-2.1.4.jar:/home/daniel/.m2/repository/com/github/jnr/jffi/1.2.15/jffi-1.2.15.jar:/home/daniel/.m2/repository/com/github/jnr/jffi/1.2.15/jffi-1.2.15-native.jar:/home/daniel/.m2/repository/org/ow2/asm/asm/5.0.3/asm-5.0.3.jar:/home/daniel/.m2/repository/org/ow2/asm/asm-commons/5.0.3/asm-commons-5.0.3.jar:/home/daniel/.m2/repository/org/ow2/asm/asm-analysis/5.0.3/asm-analysis-5.0.3.jar:/home/daniel/.m2/repository/org/ow2/asm/asm-tree/5.0.3/asm-tree-5.0.3.jar:/home/daniel/.m2/repository/org/ow2/asm/asm-util/5.0.3/asm-util-5.0.3.jar:/home/daniel/.m2/repository/com/github/jnr/jnr-x86asm/1.0.2/jnr-x86asm-1.0.2.jar:/home/daniel/.m2/repository/com/github/jnr/jnr-constants/0.9.8/jnr-constants-0.9.8.jar:/home/daniel/.m2/repository/com/github/jnr/jnr-enxio/0.16/jnr-enxio-0.16.jar:/home/daniel/.m2/repository/com/github/jnr/jnr-posix/3.0.35/jnr-posix-3.0.35.jar:/home/daniel/.m2/repository/commons-lang/commons-lang/2.6/commons-lang-2.6.jar:/home/daniel/.m2/repository/org/drools/drools-templates/7.40.0.Final/drools-templates-7.40.0.Final.jar:/home/daniel/.m2/repository/org/drools/drools-core/7.40.0.Final/drools-core-7.40.0.Final.jar:/home/daniel/.m2/repository/org/kie/soup/kie-soup-xstream/7.40.0.Final/kie-soup-xstream-7.40.0.Final.jar:/home/daniel/.m2/repository/org/drools/drools-core-reflective/7.40.0.Final/drools-core-reflective-7.40.0.Final.jar:/home/daniel/.m2/repository/org/drools/drools-core-dynamic/7.40.0.Final/drools-core-dynamic-7.40.0.Final.jar:/home/daniel/.m2/repository/org/kie/soup/kie-soup-project-datamodel-commons/7.40.0.Final/kie-soup-project-datamodel-commons-7.40.0.Final.jar:/home/daniel/.m2/repository/org/kie/soup/kie-soup-project-datamodel-api/7.40.0.Final/kie-soup-project-datamodel-api-7.40.0.Final.jar:/home/daniel/.m2/repository/org/drools/drools-compiler/7.40.0.Final/drools-compiler-7.40.0.Final.jar:/home/daniel/.m2/repository/org/kie/soup/kie-soup-maven-support/7.40.0.Final/kie-soup-maven-support-7.40.0.Final.jar:/home/daniel/.m2/repository/org/kie/soup/kie-soup-commons/7.40.0.Final/kie-soup-commons-7.40.0.Final.jar:/home/daniel/.m2/repository/org/antlr/antlr-runtime/3.5.2/antlr-runtime-3.5.2.jar:/home/daniel/.m2/repository/com/thoughtworks/xstream/xstream/1.4.11.1/xstream-1.4.11.1.jar:/home/daniel/.m2/repository/xmlpull/xmlpull/1.1.3.1/xmlpull-1.1.3.1.jar:/home/daniel/.m2/repository/xpp3/xpp3_min/1.1.4c/xpp3_min-1.1.4c.jar:/home/daniel/.m2/repository/com/google/protobuf/protobuf-java/3.6.1/protobuf-java-3.6.1.jar:/home/daniel/.m2/repository/org/kie/kie-api/7.40.0.Final/kie-api-7.40.0.Final.jar:/home/daniel/.m2/repository/org/kie/kie-internal/7.40.0.Final/kie-internal-7.40.0.Final.jar:/home/daniel/.m2/repository/org/mvel/mvel2/2.4.8.Final/mvel2-2.4.8.Final.jar:/home/daniel/.m2/repository/org/projectlombok/lombok/1.18.12/lombok-1.18.12.jar:/home/daniel/.m2/repository/org/apache/kafka/kafka-clients/2.5.0/kafka-clients-2.5.0.jar:/home/daniel/.m2/repository/com/github/luben/zstd-jni/1.4.4-7/zstd-jni-1.4.4-7.jar:/home/daniel/.m2/repository/org/lz4/lz4-java/1.7.1/lz4-java-1.7.1.jar:/home/daniel/.m2/repository/org/xerial/snappy/snappy-java/1.1.7.3/snappy-java-1.1.7.3.jar:"/>
    <property name="sun.cpu.endian" value="little"/>
    <property name="user.home" value="/home/daniel"/>
    <property name="user.language" value="pt"/>
    <property name="java.specification.vendor" value="Oracle Corporation"/>
    <property name="java.version.date" value="2020-07-14"/>
    <property name="java.home" value="/usr/lib/jvm/java-11-openjdk-amd64"/>
    <property name="file.separator" value="/"/>
    <property name="basedir" value="/home/daniel/master-thesis/usmanager/manager/manager-local"/>
    <property name="java.vm.compressedOopsMode" value="32-bit"/>
    <property name="line.separator" value="&#10;"/>
    <property name="java.specification.name" value="Java Platform API Specification"/>
    <property name="java.vm.specification.vendor" value="Oracle Corporation"/>
    <property name="java.awt.graphicsenv" value="sun.awt.X11GraphicsEnvironment"/>
    <property name="surefire.real.class.path" value="/home/daniel/master-thesis/usmanager/manager/manager-local/target/surefire/surefirebooter14969590817132231720.jar"/>
    <property name="sun.management.compiler" value="HotSpot 64-Bit Tiered Compilers"/>
    <property name="java.runtime.version" value="11.0.8+10-post-Ubuntu-0ubuntu118.04.1"/>
    <property name="user.name" value="daniel"/>
    <property name="path.separator" value=":"/>
    <property name="os.version" value="5.3.0-62-generic"/>
    <property name="java.runtime.name" value="OpenJDK Runtime Environment"/>
    <property name="file.encoding" value="UTF-8"/>
    <property name="java.vm.name" value="OpenJDK 64-Bit Server VM"/>
    <property name="localRepository" value="/home/daniel/.m2/repository"/>
    <property name="java.vendor.url.bug" value="https://bugs.launchpad.net/ubuntu/+source/openjdk-lts"/>
    <property name="java.io.tmpdir" value="/tmp"/>
    <property name="java.version" value="11.0.8"/>
    <property name="user.dir" value="/home/daniel/master-thesis/usmanager/manager/manager-local"/>
    <property name="os.arch" value="amd64"/>
    <property name="java.vm.specification.name" value="Java Virtual Machine Specification"/>
    <property name="java.awt.printerjob" value="sun.print.PSPrinterJob"/>
    <property name="sun.os.patch.level" value="unknown"/>
    <property name="java.library.path" value="/usr/java/packages/lib:/usr/lib/x86_64-linux-gnu/jni:/lib/x86_64-linux-gnu:/usr/lib/x86_64-linux-gnu:/usr/lib/jni:/lib:/usr/lib"/>
    <property name="java.vm.info" value="mixed mode, sharing"/>
    <property name="java.vendor" value="Ubuntu"/>
    <property name="java.vm.version" value="11.0.8+10-post-Ubuntu-0ubuntu118.04.1"/>
    <property name="sun.io.unicode.encoding" value="UnicodeLittle"/>
    <property name="skikipTests" value="true"/>
    <property name="java.class.version" value="55.0"/>
  </properties>
  <testcase name="databaseTest" classname="pt.unl.fct.miei.microservicesmanagement.manager.local.ManagerLocalTests" time="0.53"/>
  <testcase name="contextLoads" classname="pt.unl.fct.miei.microservicesmanagement.manager.local.ManagerLocalTests" time="0.003"/>
</testsuite>